[     343ms] [INFO] %cDownload the React DevTools for a better development experience: https://react.dev/link/react-devtools font-weight:bold @ http://localhost:3000/_next/static/chunks/node_modules_next_dist_115brz8._.js:2431
[     408ms] [LOG] [HMR] connected @ http://localhost:3000/_next/static/chunks/node_modules_next_dist_115brz8._.js:2431
[     489ms] [LOG] %cDocumentation: %chttps://mswjs.io/docs font-weight:bold font-weight:normal @ http://localhost:3000/_next/static/chunks/node_modules_next_dist_115brz8._.js:2431
[     490ms] [LOG] Found an issue? https://github.com/mswjs/msw/issues @ http://localhost:3000/_next/static/chunks/node_modules_next_dist_115brz8._.js:2431
[     490ms] [LOG] Worker script URL: http://localhost:3000/mockServiceWorker.js @ http://localhost:3000/_next/static/chunks/node_modules_next_dist_115brz8._.js:2431
[     490ms] [LOG] Worker scope: http://localhost:3000/ @ http://localhost:3000/_next/static/chunks/node_modules_next_dist_115brz8._.js:2431
[     490ms] [LOG] Client ID: %s (%s) 0ba83057-5cc8-4745-bce4-73802fc38628 top-level @ http://localhost:3000/_next/static/chunks/node_modules_next_dist_115brz8._.js:2431
[     822ms] [LOG] Request {url: URL, method: GET, headers: Object, body: } @ http://localhost:3000/_next/static/chunks/node_modules_next_dist_115brz8._.js:2431
[     823ms] [LOG] Handler: HttpHandler @ http://localhost:3000/_next/static/chunks/node_modules_next_dist_115brz8._.js:2431
[     823ms] [LOG] Response {status: 200, statusText: OK, headers: Object, body: {"user":{"id":"user-123","provider":"keycloak","pr…55.531Z","updatedAt":"2026-04-03T02:39:55.531Z"}}} @ http://localhost:3000/_next/static/chunks/node_modules_next_dist_115brz8._.js:2431
[     823ms] [LOG] Request {url: URL, method: GET, headers: Object, body: } @ http://localhost:3000/_next/static/chunks/node_modules_next_dist_115brz8._.js:2431
[     823ms] [LOG] Handler: HttpHandler @ http://localhost:3000/_next/static/chunks/node_modules_next_dist_115brz8._.js:2431
[     823ms] [LOG] Response {status: 200, statusText: OK, headers: Object, body: {"user":{"id":"user-123","provider":"keycloak","pr…55.534Z","updatedAt":"2026-04-03T02:39:55.534Z"}}} @ http://localhost:3000/_next/static/chunks/node_modules_next_dist_115brz8._.js:2431
[     829ms] [LOG] Request {url: URL, method: GET, headers: Object, body: } @ http://localhost:3000/_next/static/chunks/node_modules_next_dist_115brz8._.js:2431
[     829ms] [LOG] Handler: HttpHandler @ http://localhost:3000/_next/static/chunks/node_modules_next_dist_115brz8._.js:2431
[     829ms] [LOG] Response {status: 200, statusText: OK, headers: Object, body: {"systems":[{"id":"sys-mock-123","name":"Default S…5.544Z","updatedAt":"2026-04-03T02:39:55.544Z"}]}} @ http://localhost:3000/_next/static/chunks/node_modules_next_dist_115brz8._.js:2431
[     834ms] [LOG] Request {url: URL, method: GET, headers: Object, body: } @ http://localhost:3000/_next/static/chunks/node_modules_next_dist_115brz8._.js:2431
[     834ms] [LOG] Handler: HttpHandler @ http://localhost:3000/_next/static/chunks/node_modules_next_dist_115brz8._.js:2431
[     834ms] [LOG] Response {status: 200, statusText: OK, headers: Object, body: {"inode":{"id":"mock-root-key","systemId":"sys-moc…55.193Z","createdAt":"2026-04-03T02:39:55.193Z"}}} @ http://localhost:3000/_next/static/chunks/node_modules_next_dist_115brz8._.js:2431
[     869ms] [ERROR] Failed to load resource: the server responded with a status of 404 (Not Found) @ http://localhost:3000/fs/sys-mock-123/stat?path=%2Fhome%2F.trash:0
[     870ms] [LOG] Request {url: URL, method: GET, headers: Object, body: } @ http://localhost:3000/_next/static/chunks/node_modules_next_dist_115brz8._.js:2431
[     870ms] [LOG] Handler: HttpHandler @ http://localhost:3000/_next/static/chunks/node_modules_next_dist_115brz8._.js:2431
[     870ms] [LOG] Response {status: 200, statusText: OK, headers: Object, body: {"entries":[{"name":"Documents","inodeId":"mock-do…deo-mp4-1775183995193-ojk60l","fileType":32768}]}} @ http://localhost:3000/_next/static/chunks/node_modules_next_dist_115brz8._.js:2431
[     870ms] [LOG] Request {url: URL, method: GET, headers: Object, body: } @ http://localhost:3000/_next/static/chunks/node_modules_next_dist_115brz8._.js:2431
[     870ms] [LOG] Handler: HttpHandler @ http://localhost:3000/_next/static/chunks/node_modules_next_dist_115brz8._.js:2431
[     870ms] [LOG] Response {status: 404, statusText: Not Found, headers: Object, body: {"error":{"type":"not_found","message":"File not found"}}} @ http://localhost:3000/_next/static/chunks/node_modules_next_dist_115brz8._.js:2431
[     870ms] [LOG] Request {url: URL, method: GET, headers: Object, body: } @ http://localhost:3000/_next/static/chunks/node_modules_next_dist_115brz8._.js:2431
[     870ms] [LOG] Handler: HttpHandler @ http://localhost:3000/_next/static/chunks/node_modules_next_dist_115brz8._.js:2431
[     870ms] [LOG] Response {status: 200, statusText: OK, headers: Object, body: {"entries":[{"name":"Documents","inodeId":"mock-do…deo-mp4-1775183995193-ojk60l","fileType":32768}]}} @ http://localhost:3000/_next/static/chunks/node_modules_next_dist_115brz8._.js:2431
[     872ms] [LOG] Request {url: URL, method: GET, headers: Object, body: } @ http://localhost:3000/_next/static/chunks/node_modules_next_dist_115brz8._.js:2431
[     872ms] [LOG] Handler: HttpHandler @ http://localhost:3000/_next/static/chunks/node_modules_next_dist_115brz8._.js:2431
[     873ms] [LOG] Response {status: 404, statusText: Not Found, headers: Object, body: {"error":{"type":"not_found","message":"File not found"}}} @ http://localhost:3000/_next/static/chunks/node_modules_next_dist_115brz8._.js:2431
[     908ms] [LOG] Request {url: URL, method: GET, headers: Object, body: } @ http://localhost:3000/_next/static/chunks/node_modules_next_dist_115brz8._.js:2431
[     908ms] [LOG] Handler: HttpHandler @ http://localhost:3000/_next/static/chunks/node_modules_next_dist_115brz8._.js:2431
[     908ms] [LOG] Response {status: 200, statusText: OK, headers: Object, body: {"inode":{"id":"mock-documents-1775183995193-do3rn…55.193Z","createdAt":"2026-04-03T02:39:55.193Z"}}} @ http://localhost:3000/_next/static/chunks/node_modules_next_dist_115brz8._.js:2431
[     908ms] [LOG] Request {url: URL, method: GET, headers: Object, body: } @ http://localhost:3000/_next/static/chunks/node_modules_next_dist_115brz8._.js:2431
[     908ms] [LOG] Handler: HttpHandler @ http://localhost:3000/_next/static/chunks/node_modules_next_dist_115brz8._.js:2431
[     908ms] [LOG] Response {status: 200, statusText: OK, headers: Object, body: {"inode":{"id":"mock-pictures-1775183995193-qehi5l…55.193Z","createdAt":"2026-04-03T02:39:55.193Z"}}} @ http://localhost:3000/_next/static/chunks/node_modules_next_dist_115brz8._.js:2431
[     909ms] [LOG] Request {url: URL, method: GET, headers: Object, body: } @ http://localhost:3000/_next/static/chunks/node_modules_next_dist_115brz8._.js:2431
[     909ms] [LOG] Handler: HttpHandler @ http://localhost:3000/_next/static/chunks/node_modules_next_dist_115brz8._.js:2431
[     909ms] [LOG] Response {status: 200, statusText: OK, headers: Object, body: {"inode":{"id":"mock-music-1775183995193-0yp4ep","…55.193Z","createdAt":"2026-04-03T02:39:55.193Z"}}} @ http://localhost:3000/_next/static/chunks/node_modules_next_dist_115brz8._.js:2431
[     909ms] [LOG] Request {url: URL, method: GET, headers: Object, body: } @ http://localhost:3000/_next/static/chunks/node_modules_next_dist_115brz8._.js:2431
[     909ms] [LOG] Handler: HttpHandler @ http://localhost:3000/_next/static/chunks/node_modules_next_dist_115brz8._.js:2431
[     909ms] [LOG] Response {status: 200, statusText: OK, headers: Object, body: {"inode":{"id":"mock-readme-md-1775183995193-pl2gm…55.193Z","createdAt":"2026-04-03T02:39:55.193Z"}}} @ http://localhost:3000/_next/static/chunks/node_modules_next_dist_115brz8._.js:2431
[     909ms] [LOG] Request {url: URL, method: GET, headers: Object, body: } @ http://localhost:3000/_next/static/chunks/node_modules_next_dist_115brz8._.js:2431
[     909ms] [LOG] Handler: HttpHandler @ http://localhost:3000/_next/static/chunks/node_modules_next_dist_115brz8._.js:2431
[     909ms] [LOG] Response {status: 200, statusText: OK, headers: Object, body: {"inode":{"id":"mock-sample-video-mp4-177518399519…55.193Z","createdAt":"2026-04-03T02:39:55.193Z"}}} @ http://localhost:3000/_next/static/chunks/node_modules_next_dist_115brz8._.js:2431
[     909ms] [LOG] Request {url: URL, method: GET, headers: Object, body: } @ http://localhost:3000/_next/static/chunks/node_modules_next_dist_115brz8._.js:2431
[     909ms] [LOG] Handler: HttpHandler @ http://localhost:3000/_next/static/chunks/node_modules_next_dist_115brz8._.js:2431
[     909ms] [LOG] Response {status: 200, statusText: OK, headers: Object, body: {"inode":{"id":"mock-documents-1775183995193-do3rn…55.193Z","createdAt":"2026-04-03T02:39:55.193Z"}}} @ http://localhost:3000/_next/static/chunks/node_modules_next_dist_115brz8._.js:2431
[     909ms] [LOG] Request {url: URL, method: GET, headers: Object, body: } @ http://localhost:3000/_next/static/chunks/node_modules_next_dist_115brz8._.js:2431
[     909ms] [LOG] Handler: HttpHandler @ http://localhost:3000/_next/static/chunks/node_modules_next_dist_115brz8._.js:2431
[     909ms] [LOG] Response {status: 200, statusText: OK, headers: Object, body: {"inode":{"id":"mock-pictures-1775183995193-qehi5l…55.193Z","createdAt":"2026-04-03T02:39:55.193Z"}}} @ http://localhost:3000/_next/static/chunks/node_modules_next_dist_115brz8._.js:2431
[     909ms] [LOG] Request {url: URL, method: GET, headers: Object, body: } @ http://localhost:3000/_next/static/chunks/node_modules_next_dist_115brz8._.js:2431
[     909ms] [LOG] Handler: HttpHandler @ http://localhost:3000/_next/static/chunks/node_modules_next_dist_115brz8._.js:2431
[     910ms] [LOG] Response {status: 200, statusText: OK, headers: Object, body: {"inode":{"id":"mock-music-1775183995193-0yp4ep","…55.193Z","createdAt":"2026-04-03T02:39:55.193Z"}}} @ http://localhost:3000/_next/static/chunks/node_modules_next_dist_115brz8._.js:2431
[     910ms] [LOG] Request {url: URL, method: GET, headers: Object, body: } @ http://localhost:3000/_next/static/chunks/node_modules_next_dist_115brz8._.js:2431
[     910ms] [LOG] Handler: HttpHandler @ http://localhost:3000/_next/static/chunks/node_modules_next_dist_115brz8._.js:2431
[     910ms] [LOG] Response {status: 200, statusText: OK, headers: Object, body: {"inode":{"id":"mock-readme-md-1775183995193-pl2gm…55.193Z","createdAt":"2026-04-03T02:39:55.193Z"}}} @ http://localhost:3000/_next/static/chunks/node_modules_next_dist_115brz8._.js:2431
[     910ms] [LOG] Request {url: URL, method: GET, headers: Object, body: } @ http://localhost:3000/_next/static/chunks/node_modules_next_dist_115brz8._.js:2431
[     910ms] [LOG] Handler: HttpHandler @ http://localhost:3000/_next/static/chunks/node_modules_next_dist_115brz8._.js:2431
[     910ms] [LOG] Response {status: 200, statusText: OK, headers: Object, body: {"inode":{"id":"mock-sample-video-mp4-177518399519…55.193Z","createdAt":"2026-04-03T02:39:55.193Z"}}} @ http://localhost:3000/_next/static/chunks/node_modules_next_dist_115brz8._.js:2431
[     951ms] [WARNING] Image with src "/icons/sprites/Up.webp" was detected as the Largest Contentful Paint (LCP). Please add the `loading="eager"` property if this image is above the fold.
Read more: https://nextjs.org/docs/app/api-reference/components/image#loading @ http://localhost:3000/_next/static/chunks/node_modules_next_dist_115brz8._.js:2431
[   11277ms] [LOG] [BackgroundMenu] Creating folder: {systemId: sys-mock-123, path: /home/New Folder} @ http://localhost:3000/_next/static/chunks/node_modules_next_dist_115brz8._.js:2431
[   11293ms] [LOG] Request {url: URL, method: POST, headers: Object, body: {"path":"/home/New Folder","mode":493}} @ http://localhost:3000/_next/static/chunks/node_modules_next_dist_115brz8._.js:2431
[   11293ms] [LOG] Handler: HttpHandler @ http://localhost:3000/_next/static/chunks/node_modules_next_dist_115brz8._.js:2431
[   11293ms] [LOG] Response {status: 201, statusText: Created, headers: Object, body: {"inode":{"id":"mock-new-folder-1775184006003-tenb…06.003Z","createdAt":"2026-04-03T02:40:06.003Z"}}} @ http://localhost:3000/_next/static/chunks/node_modules_next_dist_115brz8._.js:2431
[   11306ms] [ERROR] Failed to load resource: the server responded with a status of 404 (Not Found) @ http://localhost:3000/fs/sys-mock-123/stat?path=%2Fhome%2F.trash:0
[   11318ms] [LOG] Request {url: URL, method: GET, headers: Object, body: } @ http://localhost:3000/_next/static/chunks/node_modules_next_dist_115brz8._.js:2431
[   11318ms] [LOG] Handler: HttpHandler @ http://localhost:3000/_next/static/chunks/node_modules_next_dist_115brz8._.js:2431
[   11318ms] [LOG] Response {status: 200, statusText: OK, headers: Object, body: {"entries":[{"name":"Documents","inodeId":"mock-do…-folder-1775184006003-tenbib","fileType":16384}]}} @ http://localhost:3000/_next/static/chunks/node_modules_next_dist_115brz8._.js:2431
[   11318ms] [LOG] Request {url: URL, method: GET, headers: Object, body: } @ http://localhost:3000/_next/static/chunks/node_modules_next_dist_115brz8._.js:2431
[   11318ms] [LOG] Handler: HttpHandler @ http://localhost:3000/_next/static/chunks/node_modules_next_dist_115brz8._.js:2431
[   11318ms] [LOG] Response {status: 404, statusText: Not Found, headers: Object, body: {"error":{"type":"not_found","message":"File not found"}}} @ http://localhost:3000/_next/static/chunks/node_modules_next_dist_115brz8._.js:2431
[   11319ms] [LOG] Request {url: URL, method: GET, headers: Object, body: } @ http://localhost:3000/_next/static/chunks/node_modules_next_dist_115brz8._.js:2431
[   11319ms] [LOG] Handler: HttpHandler @ http://localhost:3000/_next/static/chunks/node_modules_next_dist_115brz8._.js:2431
[   11319ms] [LOG] Response {status: 200, statusText: OK, headers: Object, body: {"inode":{"id":"mock-documents-1775183995193-do3rn…55.193Z","createdAt":"2026-04-03T02:39:55.193Z"}}} @ http://localhost:3000/_next/static/chunks/node_modules_next_dist_115brz8._.js:2431
[   11319ms] [LOG] Request {url: URL, method: GET, headers: Object, body: } @ http://localhost:3000/_next/static/chunks/node_modules_next_dist_115brz8._.js:2431
[   11319ms] [LOG] Handler: HttpHandler @ http://localhost:3000/_next/static/chunks/node_modules_next_dist_115brz8._.js:2431
[   11319ms] [LOG] Response {status: 200, statusText: OK, headers: Object, body: {"inode":{"id":"mock-pictures-1775183995193-qehi5l…55.193Z","createdAt":"2026-04-03T02:39:55.193Z"}}} @ http://localhost:3000/_next/static/chunks/node_modules_next_dist_115brz8._.js:2431
[   11319ms] [LOG] Request {url: URL, method: GET, headers: Object, body: } @ http://localhost:3000/_next/static/chunks/node_modules_next_dist_115brz8._.js:2431
[   11319ms] [LOG] Handler: HttpHandler @ http://localhost:3000/_next/static/chunks/node_modules_next_dist_115brz8._.js:2431
[   11319ms] [LOG] Response {status: 200, statusText: OK, headers: Object, body: {"inode":{"id":"mock-music-1775183995193-0yp4ep","…55.193Z","createdAt":"2026-04-03T02:39:55.193Z"}}} @ http://localhost:3000/_next/static/chunks/node_modules_next_dist_115brz8._.js:2431
[   11319ms] [LOG] Request {url: URL, method: GET, headers: Object, body: } @ http://localhost:3000/_next/static/chunks/node_modules_next_dist_115brz8._.js:2431
[   11319ms] [LOG] Handler: HttpHandler @ http://localhost:3000/_next/static/chunks/node_modules_next_dist_115brz8._.js:2431
[   11319ms] [LOG] Response {status: 200, statusText: OK, headers: Object, body: {"inode":{"id":"mock-readme-md-1775183995193-pl2gm…55.193Z","createdAt":"2026-04-03T02:39:55.193Z"}}} @ http://localhost:3000/_next/static/chunks/node_modules_next_dist_115brz8._.js:2431
[   11319ms] [LOG] Request {url: URL, method: GET, headers: Object, body: } @ http://localhost:3000/_next/static/chunks/node_modules_next_dist_115brz8._.js:2431
[   11319ms] [LOG] Handler: HttpHandler @ http://localhost:3000/_next/static/chunks/node_modules_next_dist_115brz8._.js:2431
[   11319ms] [LOG] Response {status: 200, statusText: OK, headers: Object, body: {"inode":{"id":"mock-sample-video-mp4-177518399519…55.193Z","createdAt":"2026-04-03T02:39:55.193Z"}}} @ http://localhost:3000/_next/static/chunks/node_modules_next_dist_115brz8._.js:2431
[   11339ms] [LOG] Request {url: URL, method: GET, headers: Object, body: } @ http://localhost:3000/_next/static/chunks/node_modules_next_dist_115brz8._.js:2431
[   11339ms] [LOG] Handler: HttpHandler @ http://localhost:3000/_next/static/chunks/node_modules_next_dist_115brz8._.js:2431
[   11339ms] [LOG] Response {status: 200, statusText: OK, headers: Object, body: {"inode":{"id":"mock-new-folder-1775184006003-tenb…06.003Z","createdAt":"2026-04-03T02:40:06.003Z"}}} @ http://localhost:3000/_next/static/chunks/node_modules_next_dist_115brz8._.js:2431
[   11339ms] [LOG] Request {url: URL, method: GET, headers: Object, body: } @ http://localhost:3000/_next/static/chunks/node_modules_next_dist_115brz8._.js:2431
[   11339ms] [LOG] Handler: HttpHandler @ http://localhost:3000/_next/static/chunks/node_modules_next_dist_115brz8._.js:2431
[   11339ms] [LOG] Response {status: 200, statusText: OK, headers: Object, body: {"inode":{"id":"mock-new-folder-1775184006003-tenb…06.003Z","createdAt":"2026-04-03T02:40:06.003Z"}}} @ http://localhost:3000/_next/static/chunks/node_modules_next_dist_115brz8._.js:2431
[  474029ms] [LOG] [Fast Refresh] rebuilding @ http://localhost:3000/_next/static/chunks/node_modules_next_dist_115brz8._.js:2431
[  474229ms] [LOG] [Fast Refresh] done in 304ms @ http://localhost:3000/_next/static/chunks/node_modules_next_dist_115brz8._.js:2431
[  523193ms] [LOG] [Fast Refresh] rebuilding @ http://localhost:3000/_next/static/chunks/node_modules_next_dist_115brz8._.js:2431
[  523408ms] [LOG] [Fast Refresh] done in 319ms @ http://localhost:3000/_next/static/chunks/node_modules_next_dist_115brz8._.js:2431
[  745240ms] [LOG] [Fast Refresh] rebuilding @ http://localhost:3000/_next/static/chunks/node_modules_next_dist_115brz8._.js:2431
[  745640ms] [LOG] [Fast Refresh] done in 489ms @ http://localhost:3000/_next/static/chunks/node_modules_next_dist_115brz8._.js:2431
[  749669ms] [LOG] [DragFileContainer] dragFileEnd called {isDragging: false, pointerMoved: false} @ http://localhost:3000/_next/static/chunks/node_modules_next_dist_115brz8._.js:2431
[  776606ms] [LOG] Request {url: URL, method: POST, headers: Object, body: {"path":"/home/New Folder","destination":"/home/Documents"}} @ http://localhost:3000/_next/static/chunks/node_modules_next_dist_115brz8._.js:2431
[  776606ms] [LOG] Handler: HttpHandler @ http://localhost:3000/_next/static/chunks/node_modules_next_dist_115brz8._.js:2431
[  776606ms] [LOG] Response {status: 200, statusText: OK, headers: Object, body: {"inode":{"id":"mock-new-folder-1775184006003-tenb…06.003Z","createdAt":"2026-04-03T02:40:06.003Z"}}} @ http://localhost:3000/_next/static/chunks/node_modules_next_dist_115brz8._.js:2431
