[     280ms] [INFO] %cDownload the React DevTools for a better development experience: https://react.dev/link/react-devtools font-weight:bold @ http://localhost:3000/_next/static/chunks/node_modules_next_dist_115brz8._.js:2431
[     404ms] [LOG] [HMR] connected @ http://localhost:3000/_next/static/chunks/node_modules_next_dist_115brz8._.js:2431
[     501ms] [LOG] %cDocumentation: %chttps://mswjs.io/docs font-weight:bold font-weight:normal @ http://localhost:3000/_next/static/chunks/node_modules_next_dist_115brz8._.js:2431
[     501ms] [LOG] Found an issue? https://github.com/mswjs/msw/issues @ http://localhost:3000/_next/static/chunks/node_modules_next_dist_115brz8._.js:2431
[     501ms] [LOG] Worker script URL: http://localhost:3000/mockServiceWorker.js @ http://localhost:3000/_next/static/chunks/node_modules_next_dist_115brz8._.js:2431
[     501ms] [LOG] Worker scope: http://localhost:3000/ @ http://localhost:3000/_next/static/chunks/node_modules_next_dist_115brz8._.js:2431
[     501ms] [LOG] Client ID: %s (%s) 980e54d0-4a64-4c2f-85df-0b47976a4d3b top-level @ http://localhost:3000/_next/static/chunks/node_modules_next_dist_115brz8._.js:2431
[     822ms] [LOG] Request {url: URL, method: GET, headers: Object, body: } @ http://localhost:3000/_next/static/chunks/node_modules_next_dist_115brz8._.js:2431
[     824ms] [LOG] Handler: HttpHandler @ http://localhost:3000/_next/static/chunks/node_modules_next_dist_115brz8._.js:2431
[     824ms] [LOG] Response {status: 200, statusText: OK, headers: Object, body: {"user":{"id":"user-123","provider":"keycloak","pr…32.199Z","updatedAt":"2026-04-03T02:37:32.199Z"}}} @ http://localhost:3000/_next/static/chunks/node_modules_next_dist_115brz8._.js:2431
[     824ms] [LOG] Request {url: URL, method: GET, headers: Object, body: } @ http://localhost:3000/_next/static/chunks/node_modules_next_dist_115brz8._.js:2431
[     824ms] [LOG] Handler: HttpHandler @ http://localhost:3000/_next/static/chunks/node_modules_next_dist_115brz8._.js:2431
[     824ms] [LOG] Response {status: 200, statusText: OK, headers: Object, body: {"user":{"id":"user-123","provider":"keycloak","pr…32.201Z","updatedAt":"2026-04-03T02:37:32.201Z"}}} @ http://localhost:3000/_next/static/chunks/node_modules_next_dist_115brz8._.js:2431
[     829ms] [LOG] Request {url: URL, method: GET, headers: Object, body: } @ http://localhost:3000/_next/static/chunks/node_modules_next_dist_115brz8._.js:2431
[     829ms] [LOG] Handler: HttpHandler @ http://localhost:3000/_next/static/chunks/node_modules_next_dist_115brz8._.js:2431
[     829ms] [LOG] Response {status: 200, statusText: OK, headers: Object, body: {"systems":[{"id":"sys-mock-123","name":"Default S…2.208Z","updatedAt":"2026-04-03T02:37:32.208Z"}]}} @ http://localhost:3000/_next/static/chunks/node_modules_next_dist_115brz8._.js:2431
[     833ms] [LOG] Request {url: URL, method: GET, headers: Object, body: } @ http://localhost:3000/_next/static/chunks/node_modules_next_dist_115brz8._.js:2431
[     833ms] [LOG] Handler: HttpHandler @ http://localhost:3000/_next/static/chunks/node_modules_next_dist_115brz8._.js:2431
[     833ms] [LOG] Response {status: 200, statusText: OK, headers: Object, body: {"inode":{"id":"mock-root-1775183851853-14ctk","sy…31.853Z","createdAt":"2026-04-03T02:37:31.853Z"}}} @ http://localhost:3000/_next/static/chunks/node_modules_next_dist_115brz8._.js:2431
[     889ms] [ERROR] Failed to load resource: the server responded with a status of 404 (Not Found) @ http://localhost:3000/fs/sys-mock-123/stat?path=%2Fhome%2F.trash:0
[     890ms] [LOG] Request {url: URL, method: GET, headers: Object, body: } @ http://localhost:3000/_next/static/chunks/node_modules_next_dist_115brz8._.js:2431
[     890ms] [LOG] Handler: HttpHandler @ http://localhost:3000/_next/static/chunks/node_modules_next_dist_115brz8._.js:2431
[     890ms] [LOG] Response {status: 200, statusText: OK, headers: Object, body: {"entries":[]}} @ http://localhost:3000/_next/static/chunks/node_modules_next_dist_115brz8._.js:2431
[     890ms] [LOG] Request {url: URL, method: GET, headers: Object, body: } @ http://localhost:3000/_next/static/chunks/node_modules_next_dist_115brz8._.js:2431
[     890ms] [LOG] Handler: HttpHandler @ http://localhost:3000/_next/static/chunks/node_modules_next_dist_115brz8._.js:2431
[     890ms] [LOG] Response {status: 404, statusText: Not Found, headers: Object, body: {"error":{"type":"not_found","message":"File not found"}}} @ http://localhost:3000/_next/static/chunks/node_modules_next_dist_115brz8._.js:2431
[     890ms] [LOG] Request {url: URL, method: GET, headers: Object, body: } @ http://localhost:3000/_next/static/chunks/node_modules_next_dist_115brz8._.js:2431
[     891ms] [LOG] Handler: HttpHandler @ http://localhost:3000/_next/static/chunks/node_modules_next_dist_115brz8._.js:2431
[     891ms] [LOG] Response {status: 200, statusText: OK, headers: Object, body: {"entries":[]}} @ http://localhost:3000/_next/static/chunks/node_modules_next_dist_115brz8._.js:2431
[     891ms] [LOG] Request {url: URL, method: GET, headers: Object, body: } @ http://localhost:3000/_next/static/chunks/node_modules_next_dist_115brz8._.js:2431
[     891ms] [LOG] Handler: HttpHandler @ http://localhost:3000/_next/static/chunks/node_modules_next_dist_115brz8._.js:2431
[     891ms] [LOG] Response {status: 404, statusText: Not Found, headers: Object, body: {"error":{"type":"not_found","message":"File not found"}}} @ http://localhost:3000/_next/static/chunks/node_modules_next_dist_115brz8._.js:2431
[     970ms] [WARNING] Image with src "/icons/sprites/Up.webp" was detected as the Largest Contentful Paint (LCP). Please add the `loading="eager"` property if this image is above the fold.
Read more: https://nextjs.org/docs/app/api-reference/components/image#loading @ http://localhost:3000/_next/static/chunks/node_modules_next_dist_115brz8._.js:2431
[   28102ms] [LOG] [BackgroundMenu] Creating folder: {systemId: sys-mock-123, path: mock-root-1775183851853-14ctk/New Folder} @ http://localhost:3000/_next/static/chunks/node_modules_next_dist_115brz8._.js:2431
[   28120ms] [ERROR] Failed to load resource: the server responded with a status of 404 (Not Found) @ http://localhost:3000/fs/sys-mock-123/mkdir:0
[   28126ms] [LOG] Request {url: URL, method: POST, headers: Object, body: {"path":"mock-root-1775183851853-14ctk/New Folder","mode":493}} @ http://localhost:3000/_next/static/chunks/node_modules_next_dist_115brz8._.js:2431
[   28126ms] [LOG] Handler: HttpHandler @ http://localhost:3000/_next/static/chunks/node_modules_next_dist_115brz8._.js:2431
[   28126ms] [LOG] Response {status: 404, statusText: Not Found, headers: Object, body: {"error":{"type":"not_found","message":"Parent not found"}}} @ http://localhost:3000/_next/static/chunks/node_modules_next_dist_115brz8._.js:2431
[   28128ms] [ERROR] Failed to load resource: the server responded with a status of 404 (Not Found) @ http://localhost:3000/fs/sys-mock-123/stat?path=%2Fhome%2F.trash:0
[   28129ms] [LOG] Request {url: URL, method: GET, headers: Object, body: } @ http://localhost:3000/_next/static/chunks/node_modules_next_dist_115brz8._.js:2431
[   28129ms] [LOG] Handler: HttpHandler @ http://localhost:3000/_next/static/chunks/node_modules_next_dist_115brz8._.js:2431
[   28129ms] [LOG] Response {status: 200, statusText: OK, headers: Object, body: {"entries":[]}} @ http://localhost:3000/_next/static/chunks/node_modules_next_dist_115brz8._.js:2431
[   28130ms] [LOG] Request {url: URL, method: GET, headers: Object, body: } @ http://localhost:3000/_next/static/chunks/node_modules_next_dist_115brz8._.js:2431
[   28130ms] [LOG] Handler: HttpHandler @ http://localhost:3000/_next/static/chunks/node_modules_next_dist_115brz8._.js:2431
[   28130ms] [LOG] Response {status: 404, statusText: Not Found, headers: Object, body: {"error":{"type":"not_found","message":"File not found"}}} @ http://localhost:3000/_next/static/chunks/node_modules_next_dist_115brz8._.js:2431
[   55590ms] [LOG] [Fast Refresh] rebuilding @ http://localhost:3000/_next/static/chunks/node_modules_next_dist_115brz8._.js:2431
[   55695ms] [ERROR] The final argument passed to %s changed size between renders. The order and size of this array must remain constant.

Previous: %s
Incoming: %s useEffect [28e38ce9a3e4d949ba4bedbc0e2ec588, ({ targetKey, type, title, key, systemId })=>{
            set((state)=>{
                const existingWindow = state.windows.find((w)=>w.targetKey === targetKey && w.type === type);
                if (existingWindow) {
                    // highlight existing window
                    const filteredWindows = state.windows.filter((w)=>w.targetKey !== targetKey);
                    state.windows = [
                        ...filteredWindows,
                        existingWindow
                    ];
                    return {
                        windows: state.windows
                    };
                } else {
                    // create new window
                    const newWindow = {
                        key: key || (0, __TURBOPACK__imported__module__$5b$project$5d2f$src$2f$utils$2f$random_key$2e$ts__$5b$app$2d$client$5d$__$28$ecmascript$29$__["createWindowKey"])(),
                        title: title || "New Window",
                        targetKey: targetKey,
                        type,
                        systemId
                    };
                    if (type === __TURBOPACK__imported__module__$5b$project$5d2f$src$2f$interfaces$2f$window$2e$ts__$5b$app$2d$client$5d$__$28$ecmascript$29$__["WindowType"].Navigator) {
                        newWindow.targetHistory = [
                            targetKey
                        ];
                        newWindow.historyIndex = 0;
                    }
                    state.windows = [
                        ...state.windows,
                        newWindow
                    ];
                    return {
                        windows: state.windows
                    };
                }
            });
        }, mock-root-1775183851853-14ctk, sys-mock-123] [7d620345a199ecee4d5a2a44d5e371d8, ({ targetKey, type, title, key, systemId })=>{
            set((state)=>{
                const existingWindow = state.windows.find((w)=>w.targetKey === targetKey && w.type === type);
                if (existingWindow) {
                    // highlight existing window
                    const filteredWindows = state.windows.filter((w)=>w.targetKey !== targetKey);
                    state.windows = [
                        ...filteredWindows,
                        existingWindow
                    ];
                    return {
                        windows: state.windows
                    };
                } else {
                    // create new window
                    const newWindow = {
                        key: key || (0, __TURBOPACK__imported__module__$5b$project$5d2f$src$2f$utils$2f$random_key$2e$ts__$5b$app$2d$client$5d$__$28$ecmascript$29$__["createWindowKey"])(),
                        title: title || "New Window",
                        targetKey: targetKey,
                        type,
                        systemId
                    };
                    if (type === __TURBOPACK__imported__module__$5b$project$5d2f$src$2f$interfaces$2f$window$2e$ts__$5b$app$2d$client$5d$__$28$ecmascript$29$__["WindowType"].Navigator) {
                        newWindow.targetHistory = [
                            targetKey
                        ];
                        newWindow.historyIndex = 0;
                    }
                    state.windows = [
                        ...state.windows,
                        newWindow
                    ];
                    return {
                        windows: state.windows
                    };
                }
            });
        }, mock-root-1775183851853-14ctk, sys-mock-123, /home] @ http://localhost:3000/_next/static/chunks/node_modules_next_dist_115brz8._.js:3272
[   55729ms] [LOG] [Fast Refresh] done in 197ms @ http://localhost:3000/_next/static/chunks/node_modules_next_dist_115brz8._.js:2431
[   55831ms] [LOG] Request {url: URL, method: GET, headers: Object, body: } @ http://localhost:3000/_next/static/chunks/node_modules_next_dist_115brz8._.js:2431
[   55831ms] [LOG] Handler: HttpHandler @ http://localhost:3000/_next/static/chunks/node_modules_next_dist_115brz8._.js:2431
[   55831ms] [LOG] Response {status: 200, statusText: OK, headers: Object, body: {"user":{"id":"user-123","provider":"keycloak","pr…27.175Z","updatedAt":"2026-04-03T02:38:27.176Z"}}} @ http://localhost:3000/_next/static/chunks/node_modules_next_dist_115brz8._.js:2431
[   55831ms] [LOG] Request {url: URL, method: GET, headers: Object, body: } @ http://localhost:3000/_next/static/chunks/node_modules_next_dist_115brz8._.js:2431
[   55831ms] [LOG] Handler: HttpHandler @ http://localhost:3000/_next/static/chunks/node_modules_next_dist_115brz8._.js:2431
[   55831ms] [LOG] Response {status: 200, statusText: OK, headers: Object, body: {"systems":[{"id":"sys-mock-123","name":"Default S…7.179Z","updatedAt":"2026-04-03T02:38:27.179Z"}]}} @ http://localhost:3000/_next/static/chunks/node_modules_next_dist_115brz8._.js:2431
[   55831ms] [LOG] Request {url: URL, method: GET, headers: Object, body: } @ http://localhost:3000/_next/static/chunks/node_modules_next_dist_115brz8._.js:2431
[   55831ms] [LOG] Handler: HttpHandler @ http://localhost:3000/_next/static/chunks/node_modules_next_dist_115brz8._.js:2431
[   55831ms] [LOG] Response {status: 200, statusText: OK, headers: Object, body: {"inode":{"id":"mock-root-1775183851853-14ctk","sy…31.853Z","createdAt":"2026-04-03T02:37:31.853Z"}}} @ http://localhost:3000/_next/static/chunks/node_modules_next_dist_115brz8._.js:2431
[   55928ms] [LOG] [Fast Refresh] rebuilding @ http://localhost:3000/_next/static/chunks/node_modules_next_dist_115brz8._.js:2431
[   56114ms] [LOG] [Fast Refresh] done in 288ms @ http://localhost:3000/_next/static/chunks/node_modules_next_dist_115brz8._.js:2431
