[     229ms] [INFO] %cDownload the React DevTools for a better development experience: https://react.dev/link/react-devtools font-weight:bold @ http://localhost:3000/_next/static/chunks/node_modules_next_dist_115brz8._.js:2431
[     275ms] [LOG] [HMR] connected @ http://localhost:3000/_next/static/chunks/node_modules_next_dist_115brz8._.js:2431
[     342ms] [LOG] %cDocumentation: %chttps://mswjs.io/docs font-weight:bold font-weight:normal @ http://localhost:3000/_next/static/chunks/node_modules_next_dist_115brz8._.js:2431
[     342ms] [LOG] Found an issue? https://github.com/mswjs/msw/issues @ http://localhost:3000/_next/static/chunks/node_modules_next_dist_115brz8._.js:2431
[     342ms] [LOG] Worker script URL: http://localhost:3000/mockServiceWorker.js @ http://localhost:3000/_next/static/chunks/node_modules_next_dist_115brz8._.js:2431
[     342ms] [LOG] Worker scope: http://localhost:3000/ @ http://localhost:3000/_next/static/chunks/node_modules_next_dist_115brz8._.js:2431
[     342ms] [LOG] Client ID: %s (%s) 51172921-4182-454a-bdcf-545f292e6169 top-level @ http://localhost:3000/_next/static/chunks/node_modules_next_dist_115brz8._.js:2431
[     665ms] [LOG] Request {url: URL, method: GET, headers: Object, body: } @ http://localhost:3000/_next/static/chunks/node_modules_next_dist_115brz8._.js:2431
[     665ms] [LOG] Handler: HttpHandler @ http://localhost:3000/_next/static/chunks/node_modules_next_dist_115brz8._.js:2431
[     665ms] [LOG] Response {status: 200, statusText: OK, headers: Object, body: {"user":{"id":"user-123","provider":"keycloak","pr…30.031Z","updatedAt":"2026-04-03T02:38:30.031Z"}}} @ http://localhost:3000/_next/static/chunks/node_modules_next_dist_115brz8._.js:2431
[     665ms] [LOG] Request {url: URL, method: GET, headers: Object, body: } @ http://localhost:3000/_next/static/chunks/node_modules_next_dist_115brz8._.js:2431
[     665ms] [LOG] Handler: HttpHandler @ http://localhost:3000/_next/static/chunks/node_modules_next_dist_115brz8._.js:2431
[     665ms] [LOG] Response {status: 200, statusText: OK, headers: Object, body: {"user":{"id":"user-123","provider":"keycloak","pr…30.032Z","updatedAt":"2026-04-03T02:38:30.032Z"}}} @ http://localhost:3000/_next/static/chunks/node_modules_next_dist_115brz8._.js:2431
[     671ms] [LOG] Request {url: URL, method: GET, headers: Object, body: } @ http://localhost:3000/_next/static/chunks/node_modules_next_dist_115brz8._.js:2431
[     671ms] [LOG] Handler: HttpHandler @ http://localhost:3000/_next/static/chunks/node_modules_next_dist_115brz8._.js:2431
[     671ms] [LOG] Response {status: 200, statusText: OK, headers: Object, body: {"systems":[{"id":"sys-mock-123","name":"Default S…0.039Z","updatedAt":"2026-04-03T02:38:30.039Z"}]}} @ http://localhost:3000/_next/static/chunks/node_modules_next_dist_115brz8._.js:2431
[     676ms] [LOG] Request {url: URL, method: GET, headers: Object, body: } @ http://localhost:3000/_next/static/chunks/node_modules_next_dist_115brz8._.js:2431
[     676ms] [LOG] Handler: HttpHandler @ http://localhost:3000/_next/static/chunks/node_modules_next_dist_115brz8._.js:2431
[     676ms] [LOG] Response {status: 200, statusText: OK, headers: Object, body: {"inode":{"id":"mock-root-1775183909703-9sxxnh","s…29.703Z","createdAt":"2026-04-03T02:38:29.703Z"}}} @ http://localhost:3000/_next/static/chunks/node_modules_next_dist_115brz8._.js:2431
[     714ms] [ERROR] Failed to load resource: the server responded with a status of 404 (Not Found) @ http://localhost:3000/fs/sys-mock-123/stat?path=%2Fhome%2F.trash:0
[     715ms] [LOG] Request {url: URL, method: GET, headers: Object, body: } @ http://localhost:3000/_next/static/chunks/node_modules_next_dist_115brz8._.js:2431
[     716ms] [LOG] Handler: HttpHandler @ http://localhost:3000/_next/static/chunks/node_modules_next_dist_115brz8._.js:2431
[     716ms] [LOG] Response {status: 200, statusText: OK, headers: Object, body: {"entries":[]}} @ http://localhost:3000/_next/static/chunks/node_modules_next_dist_115brz8._.js:2431
[     716ms] [LOG] Request {url: URL, method: GET, headers: Object, body: } @ http://localhost:3000/_next/static/chunks/node_modules_next_dist_115brz8._.js:2431
[     716ms] [LOG] Handler: HttpHandler @ http://localhost:3000/_next/static/chunks/node_modules_next_dist_115brz8._.js:2431
[     716ms] [LOG] Response {status: 404, statusText: Not Found, headers: Object, body: {"error":{"type":"not_found","message":"File not found"}}} @ http://localhost:3000/_next/static/chunks/node_modules_next_dist_115brz8._.js:2431
[     716ms] [LOG] Request {url: URL, method: GET, headers: Object, body: } @ http://localhost:3000/_next/static/chunks/node_modules_next_dist_115brz8._.js:2431
[     716ms] [LOG] Handler: HttpHandler @ http://localhost:3000/_next/static/chunks/node_modules_next_dist_115brz8._.js:2431
[     716ms] [LOG] Response {status: 200, statusText: OK, headers: Object, body: {"entries":[]}} @ http://localhost:3000/_next/static/chunks/node_modules_next_dist_115brz8._.js:2431
[     716ms] [LOG] Request {url: URL, method: GET, headers: Object, body: } @ http://localhost:3000/_next/static/chunks/node_modules_next_dist_115brz8._.js:2431
[     716ms] [LOG] Handler: HttpHandler @ http://localhost:3000/_next/static/chunks/node_modules_next_dist_115brz8._.js:2431
[     716ms] [LOG] Response {status: 404, statusText: Not Found, headers: Object, body: {"error":{"type":"not_found","message":"File not found"}}} @ http://localhost:3000/_next/static/chunks/node_modules_next_dist_115brz8._.js:2431
[     819ms] [WARNING] Image with src "/icons/sprites/Up.webp" was detected as the Largest Contentful Paint (LCP). Please add the `loading="eager"` property if this image is above the fold.
Read more: https://nextjs.org/docs/app/api-reference/components/image#loading @ http://localhost:3000/_next/static/chunks/node_modules_next_dist_115brz8._.js:2431
[   75538ms] [LOG] [Fast Refresh] rebuilding @ http://localhost:3000/_next/static/chunks/node_modules_next_dist_115brz8._.js:2431
[   75704ms] [LOG] [Fast Refresh] done in 232ms @ http://localhost:3000/_next/static/chunks/node_modules_next_dist_115brz8._.js:2431
[   83201ms] [LOG] [Fast Refresh] rebuilding @ http://localhost:3000/_next/static/chunks/node_modules_next_dist_115brz8._.js:2431
[   83226ms] [LOG] [Fast Refresh] done in 45ms @ http://localhost:3000/_next/static/chunks/node_modules_next_dist_115brz8._.js:2431
